# JRE version: OpenJDK Runtime Environment Temurin-21.0.11+10 (21.0.11+10) (build 21.0.11+10-LTS)
# Java VM: OpenJDK 64-Bit Server VM Temurin-21.0.11+10 (21.0.11+10-LTS, mixed mode, sharing, tiered, compressed oops, compressed class ptrs, parallel gc, windows-amd64)
GC Precious Log:
 CardTable entry size: 512
 CPUs: 8 total, 8 available
 Memory: 7856M
 Large Page Support: Disabled
 NUMA Support: Disabled
 Compressed Oops: Enabled (32-bit)
 Alignments: Space 512K, Generation 512K, Heap 2M
 Heap Min Capacity: 100M
 Heap Initial Capacity: 100M
 Heap Max Capacity: 2G
 Pre-touch: Disabled
 Parallel Workers: 8
Heap:
 PSYoungGen      total 17408K, used 17056K [0x00000000d5580000, 0x00000000d6800000, 0x0000000100000000)
  eden space 16896K, 100% used [0x00000000d5580000,0x00000000d6600000,0x00000000d6600000)
  from space 512K, 31% used [0x00000000d6780000,0x00000000d67a8000,0x00000000d6800000)
  to   space 512K, 100% used [0x00000000d6700000,0x00000000d6780000,0x00000000d6780000)
 ParOldGen       total 68608K, used 36061K [0x0000000080000000, 0x0000000084300000, 0x00000000d5580000)
  object space 68608K, 52% used [0x0000000080000000,0x000000008233b7f8,0x0000000084300000)
 Metaspace       used 63474K, committed 64832K, reserved 1114112K
  class space    used 6841K, committed 7424K, reserved 1048576K
GC Heap History (20 events):
Event: 45.766 GC heap before
{Heap before GC invocations=36 (full 2):
 PSYoungGen      total 19456K, used 19136K [0x00000000d5580000, 0x00000000d6d00000, 0x0000000100000000)
  eden space 16896K, 100% used [0x00000000d5580000,0x00000000d6600000,0x00000000d6600000)
  from space 2560K, 87% used [0x00000000d6800000,0x00000000d6a30000,0x00000000d6a80000)
  to   space 2560K, 0% used [0x00000000d6a80000,0x00000000d6a80000,0x00000000d6d00000)
 ParOldGen       total 68608K, used 42088K [0x0000000080000000, 0x0000000084300000, 0x00000000d5580000)
  object space 68608K, 61% used [0x0000000080000000,0x000000008291a010,0x0000000084300000)
 Metaspace       used 55612K, committed 56896K, reserved 1114112K
  class space    used 6063K, committed 6656K, reserved 1048576K
}
Event: 45.769 GC heap after
{Heap after GC invocations=36 (full 2):
 PSYoungGen      total 18432K, used 1216K [0x00000000d5580000, 0x00000000d6c00000, 0x0000000100000000)
  eden space 16896K, 0% used [0x00000000d5580000,0x00000000d5580000,0x00000000d6600000)
  from space 1536K, 79% used [0x00000000d6a80000,0x00000000d6bb0000,0x00000000d6c00000)
  to   space 2048K, 0% used [0x00000000d6800000,0x00000000d6800000,0x00000000d6a00000)
 ParOldGen       total 68608K, used 43535K [0x0000000080000000, 0x0000000084300000, 0x00000000d5580000)
  object space 68608K, 63% used [0x0000000080000000,0x0000000082a83d20,0x0000000084300000)
 Metaspace       used 55612K, committed 56896K, reserved 1114112K
  class space    used 6063K, committed 6656K, reserved 1048576K
}
Event: 46.470 GC heap before
{Heap before GC invocations=37 (full 2):
 PSYoungGen      total 18432K, used 18112K [0x00000000d5580000, 0x00000000d6c00000, 0x0000000100000000)
  eden space 16896K, 100% used [0x00000000d5580000,0x00000000d6600000,0x00000000d6600000)
  from space 1536K, 79% used [0x00000000d6a80000,0x00000000d6bb0000,0x00000000d6c00000)
  to   space 2048K, 0% used [0x00000000d6800000,0x00000000d6800000,0x00000000d6a00000)
 ParOldGen       total 68608K, used 43535K [0x0000000080000000, 0x0000000084300000, 0x00000000d5580000)
  object space 68608K, 63% used [0x0000000080000000,0x0000000082a83d20,0x0000000084300000)
 Metaspace       used 55771K, committed 57088K, reserved 1114112K
  class space    used 6063K, committed 6656K, reserved 1048576K
}
Event: 46.472 GC heap after
{Heap after GC invocations=37 (full 2):
 PSYoungGen      total 17920K, used 1024K [0x00000000d5580000, 0x00000000d6b00000, 0x0000000100000000)
  eden space 16896K, 0% used [0x00000000d5580000,0x00000000d5580000,0x00000000d6600000)
  from space 1024K, 100% used [0x00000000d6800000,0x00000000d6900000,0x00000000d6900000)
  to   space 1536K, 0% used [0x00000000d6980000,0x00000000d6980000,0x00000000d6b00000)
 ParOldGen       total 68608K, used 44359K [0x0000000080000000, 0x0000000084300000, 0x00000000d5580000)
  object space 68608K, 64% used [0x0000000080000000,0x0000000082b51d20,0x0000000084300000)
 Metaspace       used 55771K, committed 57088K, reserved 1114112K
  class space    used 6063K, committed 6656K, reserved 1048576K
}
Event: 47.443 GC heap before
{Heap before GC invocations=38 (full 2):
 PSYoungGen      total 17920K, used 17920K [0x00000000d5580000, 0x00000000d6b00000, 0x0000000100000000)
  eden space 16896K, 100% used [0x00000000d5580000,0x00000000d6600000,0x00000000d6600000)
  from space 1024K, 100% used [0x00000000d6800000,0x00000000d6900000,0x00000000d6900000)
  to   space 1536K, 0% used [0x00000000d6980000,0x00000000d6980000,0x00000000d6b00000)
 ParOldGen       total 68608K, used 44359K [0x0000000080000000, 0x0000000084300000, 0x00000000d5580000)
  object space 68608K, 64% used [0x0000000080000000,0x0000000082b51d20,0x0000000084300000)
 Metaspace       used 56667K, committed 57920K, reserved 1114112K
  class space    used 6151K, committed 6720K, reserved 1048576K
}
Event: 47.445 GC heap after
{Heap after GC invocations=38 (full 2):
 PSYoungGen      total 17920K, used 992K [0x00000000d5580000, 0x00000000d6a80000, 0x0000000100000000)
  eden space 16896K, 0% used [0x00000000d5580000,0x00000000d5580000,0x00000000d6600000)
  from space 1024K, 96% used [0x00000000d6980000,0x00000000d6a78000,0x00000000d6a80000)
  to   space 1536K, 0% used [0x00000000d6780000,0x00000000d6780000,0x00000000d6900000)
 ParOldGen       total 68608K, used 45206K [0x0000000080000000, 0x0000000084300000, 0x00000000d5580000)
  object space 68608K, 65% used [0x0000000080000000,0x0000000082c25ad0,0x0000000084300000)
 Metaspace       used 56667K, committed 57920K, reserved 1114112K
  class space    used 6151K, committed 6720K, reserved 1048576K
}
Event: 48.381 GC heap before
{Heap before GC invocations=39 (full 2):
 PSYoungGen      total 17920K, used 17888K [0x00000000d5580000, 0x00000000d6a80000, 0x0000000100000000)
  eden space 16896K, 100% used [0x00000000d5580000,0x00000000d6600000,0x00000000d6600000)
  from space 1024K, 96% used [0x00000000d6980000,0x00000000d6a78000,0x00000000d6a80000)
  to   space 1536K, 0% used [0x00000000d6780000,0x00000000d6780000,0x00000000d6900000)
 ParOldGen       total 68608K, used 45206K [0x0000000080000000, 0x0000000084300000, 0x00000000d5580000)
  object space 68608K, 65% used [0x0000000080000000,0x0000000082c25ad0,0x0000000084300000)
 Metaspace       used 58134K, committed 59392K, reserved 1114112K
  class space    used 6323K, committed 6912K, reserved 1048576K
}
Event: 48.385 GC heap after
{Heap after GC invocations=39 (full 2):
 PSYoungGen      total 18432K, used 1510K [0x00000000d5580000, 0x00000000d6b00000, 0x0000000100000000)
  eden space 16896K, 0% used [0x00000000d5580000,0x00000000d5580000,0x00000000d6600000)
  from space 1536K, 98% used [0x00000000d6780000,0x00000000d68f9860,0x00000000d6900000)
  to   space 2048K, 0% used [0x00000000d6900000,0x00000000d6900000,0x00000000d6b00000)
 ParOldGen       total 68608K, used 45974K [0x0000000080000000, 0x0000000084300000, 0x00000000d5580000)
  object space 68608K, 67% used [0x0000000080000000,0x0000000082ce5af0,0x0000000084300000)
 Metaspace       used 58134K, committed 59392K, reserved 1114112K
  class space    used 6323K, committed 6912K, reserved 1048576K
}
Event: 48.515 GC heap before
{Heap before GC invocations=40 (full 2):
 PSYoungGen      total 18432K, used 4036K [0x00000000d5580000, 0x00000000d6b00000, 0x0000000100000000)
  eden space 16896K, 14% used [0x00000000d5580000,0x00000000d57f7920,0x00000000d6600000)
  from space 1536K, 98% used [0x00000000d6780000,0x00000000d68f9860,0x00000000d6900000)
  to   space 2048K, 0% used [0x00000000d6900000,0x00000000d6900000,0x00000000d6b00000)
 ParOldGen       total 68608K, used 45974K [0x0000000080000000, 0x0000000084300000, 0x00000000d5580000)
  object space 68608K, 67% used [0x0000000080000000,0x0000000082ce5af0,0x0000000084300000)
 Metaspace       used 58489K, committed 59776K, reserved 1114112K
  class space    used 6360K, committed 6976K, reserved 1048576K
}
Event: 48.518 GC heap after
{Heap after GC invocations=40 (full 2):
 PSYoungGen      total 17920K, used 512K [0x00000000d5580000, 0x00000000d6a00000, 0x0000000100000000)
  eden space 16896K, 0% used [0x00000000d5580000,0x00000000d5580000,0x00000000d6600000)
  from space 1024K, 50% used [0x00000000d6900000,0x00000000d6980020,0x00000000d6a00000)
  to   space 1536K, 0% used [0x00000000d6700000,0x00000000d6700000,0x00000000d6880000)
 ParOldGen       total 68608K, used 47441K [0x0000000080000000, 0x0000000084300000, 0x00000000d5580000)
  object space 68608K, 69% used [0x0000000080000000,0x0000000082e546e8,0x0000000084300000)
 Metaspace       used 58489K, committed 59776K, reserved 1114112K
  class space    used 6360K, committed 6976K, reserved 1048576K
}
Event: 48.518 GC heap before
{Heap before GC invocations=41 (full 3):
 PSYoungGen      total 17920K, used 512K [0x00000000d5580000, 0x00000000d6a00000, 0x0000000100000000)
  eden space 16896K, 0% used [0x00000000d5580000,0x00000000d5580000,0x00000000d6600000)
  from space 1024K, 50% used [0x00000000d6900000,0x00000000d6980020,0x00000000d6a00000)
  to   space 1536K, 0% used [0x00000000d6700000,0x00000000d6700000,0x00000000d6880000)
 ParOldGen       total 68608K, used 47441K [0x0000000080000000, 0x0000000084300000, 0x00000000d5580000)
  object space 68608K, 69% used [0x0000000080000000,0x0000000082e546e8,0x0000000084300000)
 Metaspace       used 58489K, committed 59776K, reserved 1114112K
  class space    used 6360K, committed 6976K, reserved 1048576K
}
Event: 48.667 GC heap after
{Heap after GC invocations=41 (full 3):
 PSYoungGen      total 17920K, used 0K [0x00000000d5580000, 0x00000000d6a00000, 0x0000000100000000)
  eden space 16896K, 0% used [0x00000000d5580000,0x00000000d5580000,0x00000000d6600000)
  from space 1024K, 0% used [0x00000000d6900000,0x00000000d6900000,0x00000000d6a00000)
  to   space 1536K, 0% used [0x00000000d6700000,0x00000000d6700000,0x00000000d6880000)
 ParOldGen       total 68608K, used 34158K [0x0000000080000000, 0x0000000084300000, 0x00000000d5580000)
  object space 68608K, 49% used [0x0000000080000000,0x000000008215b9b8,0x0000000084300000)
 Metaspace       used 58484K, committed 59776K, reserved 1114112K
  class space    used 6359K, committed 6976K, reserved 1048576K
}
Event: 49.191 GC heap before
{Heap before GC invocations=42 (full 3):
 PSYoungGen      total 17920K, used 16832K [0x00000000d5580000, 0x00000000d6a00000, 0x0000000100000000)
  eden space 16896K, 99% used [0x00000000d5580000,0x00000000d65f01c0,0x00000000d6600000)
  from space 1024K, 0% used [0x00000000d6900000,0x00000000d6900000,0x00000000d6a00000)
  to   space 1536K, 0% used [0x00000000d6700000,0x00000000d6700000,0x00000000d6880000)
 ParOldGen       total 68608K, used 34158K [0x0000000080000000, 0x0000000084300000, 0x00000000d5580000)
  object space 68608K, 49% used [0x0000000080000000,0x000000008215b9b8,0x0000000084300000)
 Metaspace       used 59550K, committed 60928K, reserved 1114112K
  class space    used 6511K, committed 7104K, reserved 1048576K
}
Event: 49.193 GC heap after
{Heap after GC invocations=42 (full 3):
 PSYoungGen      total 18432K, used 443K [0x00000000d5580000, 0x00000000d6980000, 0x0000000100000000)
  eden space 16896K, 0% used [0x00000000d5580000,0x00000000d5580000,0x00000000d6600000)
  from space 1536K, 28% used [0x00000000d6700000,0x00000000d676eed8,0x00000000d6880000)
  to   space 1024K, 0% used [0x00000000d6880000,0x00000000d6880000,0x00000000d6980000)
 ParOldGen       total 68608K, used 34166K [0x0000000080000000, 0x0000000084300000, 0x00000000d5580000)
  object space 68608K, 49% used [0x0000000080000000,0x000000008215d9b8,0x0000000084300000)
 Metaspace       used 59550K, committed 60928K, reserved 1114112K
  class space    used 6511K, committed 7104K, reserved 1048576K
}
Event: 49.648 GC heap before
{Heap before GC invocations=43 (full 3):
 PSYoungGen      total 18432K, used 17339K [0x00000000d5580000, 0x00000000d6980000, 0x0000000100000000)
  eden space 16896K, 100% used [0x00000000d5580000,0x00000000d6600000,0x00000000d6600000)
  from space 1536K, 28% used [0x00000000d6700000,0x00000000d676eed8,0x00000000d6880000)
  to   space 1024K, 0% used [0x00000000d6880000,0x00000000d6880000,0x00000000d6980000)
 ParOldGen       total 68608K, used 34166K [0x0000000080000000, 0x0000000084300000, 0x00000000d5580000)
  object space 68608K, 49% used [0x0000000080000000,0x000000008215d9b8,0x0000000084300000)
 Metaspace       used 61024K, committed 62336K, reserved 1114112K
  class space    used 6618K, committed 7232K, reserved 1048576K
}
Event: 49.651 GC heap after
{Heap after GC invocations=43 (full 3):
 PSYoungGen      total 17920K, used 1017K [0x00000000d5580000, 0x00000000d6b00000, 0x0000000100000000)
  eden space 16896K, 0% used [0x00000000d5580000,0x00000000d5580000,0x00000000d6600000)
  from space 1024K, 99% used [0x00000000d6880000,0x00000000d697e6b0,0x00000000d6980000)
  to   space 2560K, 0% used [0x00000000d6600000,0x00000000d6600000,0x00000000d6880000)
 ParOldGen       total 68608K, used 35315K [0x0000000080000000, 0x0000000084300000, 0x00000000d5580000)
  object space 68608K, 51% used [0x0000000080000000,0x000000008227cfa8,0x0000000084300000)
 Metaspace       used 61024K, committed 62336K, reserved 1114112K
  class space    used 6618K, committed 7232K, reserved 1048576K
}
Event: 49.802 GC heap before
{Heap before GC invocations=44 (full 3):
 PSYoungGen      total 17920K, used 17913K [0x00000000d5580000, 0x00000000d6b00000, 0x0000000100000000)
  eden space 16896K, 100% used [0x00000000d5580000,0x00000000d6600000,0x00000000d6600000)
  from space 1024K, 99% used [0x00000000d6880000,0x00000000d697e6b0,0x00000000d6980000)
  to   space 2560K, 0% used [0x00000000d6600000,0x00000000d6600000,0x00000000d6880000)
 ParOldGen       total 68608K, used 35315K [0x0000000080000000, 0x0000000084300000, 0x00000000d5580000)
  object space 68608K, 51% used [0x0000000080000000,0x000000008227cfa8,0x0000000084300000)
 Metaspace       used 61056K, committed 62400K, reserved 1114112K
  class space    used 6618K, committed 7232K, reserved 1048576K
}
Event: 49.804 GC heap after
{Heap after GC invocations=44 (full 3):
 PSYoungGen      total 17920K, used 809K [0x00000000d5580000, 0x00000000d6900000, 0x0000000100000000)
  eden space 16896K, 0% used [0x00000000d5580000,0x00000000d5580000,0x00000000d6600000)
  from space 1024K, 79% used [0x00000000d6600000,0x00000000d66ca6c0,0x00000000d6700000)
  to   space 1536K, 0% used [0x00000000d6780000,0x00000000d6780000,0x00000000d6900000)
 ParOldGen       total 68608K, used 35912K [0x0000000080000000, 0x0000000084300000, 0x00000000d5580000)
  object space 68608K, 52% used [0x0000000080000000,0x0000000082312030,0x0000000084300000)
 Metaspace       used 61056K, committed 62400K, reserved 1114112K
  class space    used 6618K, committed 7232K, reserved 1048576K
}
Event: 49.964 GC heap before
{Heap before GC invocations=45 (full 3):
 PSYoungGen      total 17920K, used 17705K [0x00000000d5580000, 0x00000000d6900000, 0x0000000100000000)
  eden space 16896K, 100% used [0x00000000d5580000,0x00000000d6600000,0x00000000d6600000)
  from space 1024K, 79% used [0x00000000d6600000,0x00000000d66ca6c0,0x00000000d6700000)
  to   space 1536K, 0% used [0x00000000d6780000,0x00000000d6780000,0x00000000d6900000)
 ParOldGen       total 68608K, used 35912K [0x0000000080000000, 0x0000000084300000, 0x00000000d5580000)
  object space 68608K, 52% used [0x0000000080000000,0x0000000082312030,0x0000000084300000)
 Metaspace       used 61351K, committed 62656K, reserved 1114112K
  class space    used 6637K, committed 7232K, reserved 1048576K
}
Event: 49.965 GC heap after
{Heap after GC invocations=45 (full 3):
 PSYoungGen      total 17408K, used 160K [0x00000000d5580000, 0x00000000d6800000, 0x0000000100000000)
  eden space 16896K, 0% used [0x00000000d5580000,0x00000000d5580000,0x00000000d6600000)
  from space 512K, 31% used [0x00000000d6780000,0x00000000d67a8000,0x00000000d6800000)
  to   space 512K, 0% used [0x00000000d6700000,0x00000000d6700000,0x00000000d6780000)
 ParOldGen       total 68608K, used 35952K [0x0000000080000000, 0x0000000084300000, 0x00000000d5580000)
  object space 68608K, 52% used [0x0000000080000000,0x000000008231c030,0x0000000084300000)
 Metaspace       used 61351K, committed 62656K, reserved 1114112K
  class space    used 6637K, committed 7232K, reserved 1048576K
}

