# JRE version: OpenJDK Runtime Environment Temurin-21.0.11+10 (21.0.11+10) (build 21.0.11+10-LTS)
# Java VM: OpenJDK 64-Bit Server VM Temurin-21.0.11+10 (21.0.11+10-LTS, mixed mode, sharing, tiered, compressed oops, compressed class ptrs, parallel gc, windows-amd64)
GC Precious Log:
 CardTable entry size: 512
 CPUs: 8 total, 8 available
 Memory: 7856M
 Large Page Support: Disabled
 NUMA Support: Disabled
 Compressed Oops: Enabled (32-bit)
 Alignments: Space 512K, Generation 512K, Heap 2M
 Heap Min Capacity: 100M
 Heap Initial Capacity: 100M
 Heap Max Capacity: 2G
 Pre-touch: Disabled
 Parallel Workers: 8
Heap:
 PSYoungGen      total 4608K, used 2680K [0x00000000d5580000, 0x00000000d5b80000, 0x0000000100000000)
  eden space 3584K, 70% used [0x00000000d5580000,0x00000000d57f6208,0x00000000d5900000)
  from space 1024K, 15% used [0x00000000d5a00000,0x00000000d5a28000,0x00000000d5b00000)
  to   space 512K, 0% used [0x00000000d5b00000,0x00000000d5b00000,0x00000000d5b80000)
 ParOldGen       total 780800K, used 421545K [0x0000000080000000, 0x00000000afa80000, 0x00000000d5580000)
  object space 780800K, 53% used [0x0000000080000000,0x0000000099baa678,0x00000000afa80000)
 Metaspace       used 82530K, committed 84352K, reserved 1179648K
  class space    used 8400K, committed 9216K, reserved 1048576K
GC Heap History (20 events):
Event: 326.681 GC heap before
{Heap before GC invocations=1956 (full 4):
 PSYoungGen      total 1536K, used 1157K [0x00000000d5580000, 0x00000000d5880000, 0x0000000100000000)
  eden space 512K, 99% used [0x00000000d5580000,0x00000000d55ffff0,0x00000000d5600000)
  from space 1024K, 63% used [0x00000000d5600000,0x00000000d56a1658,0x00000000d5700000)
  to   space 1024K, 0% used [0x00000000d5780000,0x00000000d5780000,0x00000000d5880000)
 ParOldGen       total 780800K, used 415036K [0x0000000080000000, 0x00000000afa80000, 0x00000000d5580000)
  object space 780800K, 53% used [0x0000000080000000,0x000000009954f1a8,0x00000000afa80000)
 Metaspace       used 82383K, committed 84096K, reserved 1179648K
  class space    used 8389K, committed 9152K, reserved 1048576K
}
Event: 326.684 GC heap after
{Heap after GC invocations=1956 (full 4):
 PSYoungGen      total 2048K, used 636K [0x00000000d5580000, 0x00000000d5880000, 0x0000000100000000)
  eden space 1024K, 0% used [0x00000000d5580000,0x00000000d5580000,0x00000000d5680000)
  from space 1024K, 62% used [0x00000000d5780000,0x00000000d581f100,0x00000000d5880000)
  to   space 1024K, 0% used [0x00000000d5680000,0x00000000d5680000,0x00000000d5780000)
 ParOldGen       total 780800K, used 415523K [0x0000000080000000, 0x00000000afa80000, 0x00000000d5580000)
  object space 780800K, 53% used [0x0000000080000000,0x00000000995c8d38,0x00000000afa80000)
 Metaspace       used 82383K, committed 84096K, reserved 1179648K
  class space    used 8389K, committed 9152K, reserved 1048576K
}
Event: 326.689 GC heap before
{Heap before GC invocations=1957 (full 4):
 PSYoungGen      total 2048K, used 1660K [0x00000000d5580000, 0x00000000d5880000, 0x0000000100000000)
  eden space 1024K, 100% used [0x00000000d5580000,0x00000000d5680000,0x00000000d5680000)
  from space 1024K, 62% used [0x00000000d5780000,0x00000000d581f100,0x00000000d5880000)
  to   space 1024K, 0% used [0x00000000d5680000,0x00000000d5680000,0x00000000d5780000)
 ParOldGen       total 780800K, used 415523K [0x0000000080000000, 0x00000000afa80000, 0x00000000d5580000)
  object space 780800K, 53% used [0x0000000080000000,0x00000000995c8d38,0x00000000afa80000)
 Metaspace       used 82383K, committed 84096K, reserved 1179648K
  class space    used 8389K, committed 9152K, reserved 1048576K
}
Event: 326.691 GC heap after
{Heap after GC invocations=1957 (full 4):
 PSYoungGen      total 2048K, used 978K [0x00000000d5580000, 0x00000000d5a00000, 0x0000000100000000)
  eden space 1024K, 0% used [0x00000000d5580000,0x00000000d5580000,0x00000000d5680000)
  from space 1024K, 95% used [0x00000000d5680000,0x00000000d5774bd8,0x00000000d5780000)
  to   space 1536K, 0% used [0x00000000d5880000,0x00000000d5880000,0x00000000d5a00000)
 ParOldGen       total 780800K, used 416006K [0x0000000080000000, 0x00000000afa80000, 0x00000000d5580000)
  object space 780800K, 53% used [0x0000000080000000,0x0000000099641960,0x00000000afa80000)
 Metaspace       used 82383K, committed 84096K, reserved 1179648K
  class space    used 8389K, committed 9152K, reserved 1048576K
}
Event: 326.696 GC heap before
{Heap before GC invocations=1958 (full 4):
 PSYoungGen      total 2048K, used 2002K [0x00000000d5580000, 0x00000000d5a00000, 0x0000000100000000)
  eden space 1024K, 100% used [0x00000000d5580000,0x00000000d5680000,0x00000000d5680000)
  from space 1024K, 95% used [0x00000000d5680000,0x00000000d5774bd8,0x00000000d5780000)
  to   space 1536K, 0% used [0x00000000d5880000,0x00000000d5880000,0x00000000d5a00000)
 ParOldGen       total 780800K, used 416006K [0x0000000080000000, 0x00000000afa80000, 0x00000000d5580000)
  object space 780800K, 53% used [0x0000000080000000,0x0000000099641960,0x00000000afa80000)
 Metaspace       used 82383K, committed 84096K, reserved 1179648K
  class space    used 8389K, committed 9152K, reserved 1048576K
}
Event: 326.699 GC heap after
{Heap after GC invocations=1958 (full 4):
 PSYoungGen      total 2560K, used 992K [0x00000000d5580000, 0x00000000d5980000, 0x0000000100000000)
  eden space 1536K, 0% used [0x00000000d5580000,0x00000000d5580000,0x00000000d5700000)
  from space 1024K, 96% used [0x00000000d5880000,0x00000000d59780f0,0x00000000d5980000)
  to   space 1024K, 0% used [0x00000000d5780000,0x00000000d5780000,0x00000000d5880000)
 ParOldGen       total 780800K, used 416875K [0x0000000080000000, 0x00000000afa80000, 0x00000000d5580000)
  object space 780800K, 53% used [0x0000000080000000,0x000000009971af58,0x00000000afa80000)
 Metaspace       used 82383K, committed 84096K, reserved 1179648K
  class space    used 8389K, committed 9152K, reserved 1048576K
}
Event: 326.709 GC heap before
{Heap before GC invocations=1959 (full 4):
 PSYoungGen      total 2560K, used 2528K [0x00000000d5580000, 0x00000000d5980000, 0x0000000100000000)
  eden space 1536K, 100% used [0x00000000d5580000,0x00000000d5700000,0x00000000d5700000)
  from space 1024K, 96% used [0x00000000d5880000,0x00000000d59780f0,0x00000000d5980000)
  to   space 1024K, 0% used [0x00000000d5780000,0x00000000d5780000,0x00000000d5880000)
 ParOldGen       total 780800K, used 416875K [0x0000000080000000, 0x00000000afa80000, 0x00000000d5580000)
  object space 780800K, 53% used [0x0000000080000000,0x000000009971af58,0x00000000afa80000)
 Metaspace       used 82383K, committed 84096K, reserved 1179648K
  class space    used 8389K, committed 9152K, reserved 1048576K
}
Event: 326.713 GC heap after
{Heap after GC invocations=1959 (full 4):
 PSYoungGen      total 3072K, used 1020K [0x00000000d5580000, 0x00000000d5c80000, 0x0000000100000000)
  eden space 2048K, 0% used [0x00000000d5580000,0x00000000d5580000,0x00000000d5780000)
  from space 1024K, 99% used [0x00000000d5780000,0x00000000d587f088,0x00000000d5880000)
  to   space 2560K, 0% used [0x00000000d5a00000,0x00000000d5a00000,0x00000000d5c80000)
 ParOldGen       total 780800K, used 418046K [0x0000000080000000, 0x00000000afa80000, 0x00000000d5580000)
  object space 780800K, 53% used [0x0000000080000000,0x000000009983faf0,0x00000000afa80000)
 Metaspace       used 82383K, committed 84096K, reserved 1179648K
  class space    used 8389K, committed 9152K, reserved 1048576K
}
Event: 326.724 GC heap before
{Heap before GC invocations=1960 (full 4):
 PSYoungGen      total 3072K, used 3068K [0x00000000d5580000, 0x00000000d5c80000, 0x0000000100000000)
  eden space 2048K, 100% used [0x00000000d5580000,0x00000000d5780000,0x00000000d5780000)
  from space 1024K, 99% used [0x00000000d5780000,0x00000000d587f088,0x00000000d5880000)
  to   space 2560K, 0% used [0x00000000d5a00000,0x00000000d5a00000,0x00000000d5c80000)
 ParOldGen       total 780800K, used 418046K [0x0000000080000000, 0x00000000afa80000, 0x00000000d5580000)
  object space 780800K, 53% used [0x0000000080000000,0x000000009983faf0,0x00000000afa80000)
 Metaspace       used 82386K, committed 84096K, reserved 1179648K
  class space    used 8389K, committed 9152K, reserved 1048576K
}
Event: 326.729 GC heap after
{Heap after GC invocations=1960 (full 4):
 PSYoungGen      total 3584K, used 822K [0x00000000d5580000, 0x00000000d5b00000, 0x0000000100000000)
  eden space 2560K, 0% used [0x00000000d5580000,0x00000000d5580000,0x00000000d5800000)
  from space 1024K, 80% used [0x00000000d5a00000,0x00000000d5acda88,0x00000000d5b00000)
  to   space 1536K, 0% used [0x00000000d5800000,0x00000000d5800000,0x00000000d5980000)
 ParOldGen       total 780800K, used 419073K [0x0000000080000000, 0x00000000afa80000, 0x00000000d5580000)
  object space 780800K, 53% used [0x0000000080000000,0x0000000099940540,0x00000000afa80000)
 Metaspace       used 82386K, committed 84096K, reserved 1179648K
  class space    used 8389K, committed 9152K, reserved 1048576K
}
Event: 326.741 GC heap before
{Heap before GC invocations=1961 (full 4):
 PSYoungGen      total 3584K, used 3382K [0x00000000d5580000, 0x00000000d5b00000, 0x0000000100000000)
  eden space 2560K, 100% used [0x00000000d5580000,0x00000000d5800000,0x00000000d5800000)
  from space 1024K, 80% used [0x00000000d5a00000,0x00000000d5acda88,0x00000000d5b00000)
  to   space 1536K, 0% used [0x00000000d5800000,0x00000000d5800000,0x00000000d5980000)
 ParOldGen       total 780800K, used 419073K [0x0000000080000000, 0x00000000afa80000, 0x00000000d5580000)
  object space 780800K, 53% used [0x0000000080000000,0x0000000099940540,0x00000000afa80000)
 Metaspace       used 82386K, committed 84096K, reserved 1179648K
  class space    used 8389K, committed 9152K, reserved 1048576K
}
Event: 326.746 GC heap after
{Heap after GC invocations=1961 (full 4):
 PSYoungGen      total 4096K, used 352K [0x00000000d5580000, 0x00000000d5a80000, 0x0000000100000000)
  eden space 2560K, 0% used [0x00000000d5580000,0x00000000d5580000,0x00000000d5800000)
  from space 1536K, 22% used [0x00000000d5800000,0x00000000d5858000,0x00000000d5980000)
  to   space 1024K, 0% used [0x00000000d5980000,0x00000000d5980000,0x00000000d5a80000)
 ParOldGen       total 780800K, used 419760K [0x0000000080000000, 0x00000000afa80000, 0x00000000d5580000)
  object space 780800K, 53% used [0x0000000080000000,0x00000000999ec1f8,0x00000000afa80000)
 Metaspace       used 82386K, committed 84096K, reserved 1179648K
  class space    used 8389K, committed 9152K, reserved 1048576K
}
Event: 328.038 GC heap before
{Heap before GC invocations=1962 (full 4):
 PSYoungGen      total 4096K, used 2911K [0x00000000d5580000, 0x00000000d5a80000, 0x0000000100000000)
  eden space 2560K, 99% used [0x00000000d5580000,0x00000000d57fffe0,0x00000000d5800000)
  from space 1536K, 22% used [0x00000000d5800000,0x00000000d5858000,0x00000000d5980000)
  to   space 1024K, 0% used [0x00000000d5980000,0x00000000d5980000,0x00000000d5a80000)
 ParOldGen       total 780800K, used 419760K [0x0000000080000000, 0x00000000afa80000, 0x00000000d5580000)
  object space 780800K, 53% used [0x0000000080000000,0x00000000999ec1f8,0x00000000afa80000)
 Metaspace       used 82442K, committed 84224K, reserved 1179648K
  class space    used 8394K, committed 9216K, reserved 1048576K
}
Event: 328.042 GC heap after
{Heap after GC invocations=1962 (full 4):
 PSYoungGen      total 3584K, used 468K [0x00000000d5580000, 0x00000000d5a00000, 0x0000000100000000)
  eden space 3072K, 0% used [0x00000000d5580000,0x00000000d5580000,0x00000000d5880000)
  from space 512K, 91% used [0x00000000d5980000,0x00000000d59f5220,0x00000000d5a00000)
  to   space 512K, 0% used [0x00000000d5900000,0x00000000d5900000,0x00000000d5980000)
 ParOldGen       total 780800K, used 419984K [0x0000000080000000, 0x00000000afa80000, 0x00000000d5580000)
  object space 780800K, 53% used [0x0000000080000000,0x0000000099a241f8,0x00000000afa80000)
 Metaspace       used 82442K, committed 84224K, reserved 1179648K
  class space    used 8394K, committed 9216K, reserved 1048576K
}
Event: 328.066 GC heap before
{Heap before GC invocations=1963 (full 4):
 PSYoungGen      total 3584K, used 3540K [0x00000000d5580000, 0x00000000d5a00000, 0x0000000100000000)
  eden space 3072K, 100% used [0x00000000d5580000,0x00000000d5880000,0x00000000d5880000)
  from space 512K, 91% used [0x00000000d5980000,0x00000000d59f5220,0x00000000d5a00000)
  to   space 512K, 0% used [0x00000000d5900000,0x00000000d5900000,0x00000000d5980000)
 ParOldGen       total 780800K, used 419984K [0x0000000080000000, 0x00000000afa80000, 0x00000000d5580000)
  object space 780800K, 53% used [0x0000000080000000,0x0000000099a241f8,0x00000000afa80000)
 Metaspace       used 82443K, committed 84224K, reserved 1179648K
  class space    used 8394K, committed 9216K, reserved 1048576K
}
Event: 328.070 GC heap after
{Heap after GC invocations=1963 (full 4):
 PSYoungGen      total 4096K, used 484K [0x00000000d5580000, 0x00000000d5c80000, 0x0000000100000000)
  eden space 3584K, 0% used [0x00000000d5580000,0x00000000d5580000,0x00000000d5900000)
  from space 512K, 94% used [0x00000000d5900000,0x00000000d5979210,0x00000000d5980000)
  to   space 1536K, 0% used [0x00000000d5b00000,0x00000000d5b00000,0x00000000d5c80000)
 ParOldGen       total 780800K, used 420445K [0x0000000080000000, 0x00000000afa80000, 0x00000000d5580000)
  object space 780800K, 53% used [0x0000000080000000,0x0000000099a97448,0x00000000afa80000)
 Metaspace       used 82443K, committed 84224K, reserved 1179648K
  class space    used 8394K, committed 9216K, reserved 1048576K
}
Event: 331.794 GC heap before
{Heap before GC invocations=1964 (full 4):
 PSYoungGen      total 4096K, used 4068K [0x00000000d5580000, 0x00000000d5c80000, 0x0000000100000000)
  eden space 3584K, 100% used [0x00000000d5580000,0x00000000d5900000,0x00000000d5900000)
  from space 512K, 94% used [0x00000000d5900000,0x00000000d5979210,0x00000000d5980000)
  to   space 1536K, 0% used [0x00000000d5b00000,0x00000000d5b00000,0x00000000d5c80000)
 ParOldGen       total 780800K, used 420445K [0x0000000080000000, 0x00000000afa80000, 0x00000000d5580000)
  object space 780800K, 53% used [0x0000000080000000,0x0000000099a97448,0x00000000afa80000)
 Metaspace       used 82454K, committed 84224K, reserved 1179648K
  class space    used 8394K, committed 9216K, reserved 1048576K
}
Event: 331.797 GC heap after
{Heap after GC invocations=1964 (full 4):
 PSYoungGen      total 4608K, used 640K [0x00000000d5580000, 0x00000000d5c00000, 0x0000000100000000)
  eden space 3584K, 0% used [0x00000000d5580000,0x00000000d5580000,0x00000000d5900000)
  from space 1024K, 62% used [0x00000000d5b00000,0x00000000d5ba0000,0x00000000d5c00000)
  to   space 1024K, 0% used [0x00000000d5a00000,0x00000000d5a00000,0x00000000d5b00000)
 ParOldGen       total 780800K, used 420945K [0x0000000080000000, 0x00000000afa80000, 0x00000000d5580000)
  object space 780800K, 53% used [0x0000000080000000,0x0000000099b14658,0x00000000afa80000)
 Metaspace       used 82454K, committed 84224K, reserved 1179648K
  class space    used 8394K, committed 9216K, reserved 1048576K
}
Event: 337.095 GC heap before
{Heap before GC invocations=1965 (full 4):
 PSYoungGen      total 4608K, used 4224K [0x00000000d5580000, 0x00000000d5c00000, 0x0000000100000000)
  eden space 3584K, 100% used [0x00000000d5580000,0x00000000d5900000,0x00000000d5900000)
  from space 1024K, 62% used [0x00000000d5b00000,0x00000000d5ba0000,0x00000000d5c00000)
  to   space 1024K, 0% used [0x00000000d5a00000,0x00000000d5a00000,0x00000000d5b00000)
 ParOldGen       total 780800K, used 420945K [0x0000000080000000, 0x00000000afa80000, 0x00000000d5580000)
  object space 780800K, 53% used [0x0000000080000000,0x0000000099b14658,0x00000000afa80000)
 Metaspace       used 82494K, committed 84352K, reserved 1179648K
  class space    used 8396K, committed 9216K, reserved 1048576K
}
Event: 337.099 GC heap after
{Heap after GC invocations=1965 (full 4):
 PSYoungGen      total 4608K, used 160K [0x00000000d5580000, 0x00000000d5b80000, 0x0000000100000000)
  eden space 3584K, 0% used [0x00000000d5580000,0x00000000d5580000,0x00000000d5900000)
  from space 1024K, 15% used [0x00000000d5a00000,0x00000000d5a28000,0x00000000d5b00000)
  to   space 512K, 0% used [0x00000000d5b00000,0x00000000d5b00000,0x00000000d5b80000)
 ParOldGen       total 780800K, used 421545K [0x0000000080000000, 0x00000000afa80000, 0x00000000d5580000)
  object space 780800K, 53% used [0x0000000080000000,0x0000000099baa678,0x00000000afa80000)
 Metaspace       used 82494K, committed 84352K, reserved 1179648K
  class space    used 8396K, committed 9216K, reserved 1048576K
}

