# JRE version: OpenJDK Runtime Environment Temurin-21.0.11+10 (21.0.11+10) (build 21.0.11+10-LTS)
# Java VM: OpenJDK 64-Bit Server VM Temurin-21.0.11+10 (21.0.11+10-LTS, mixed mode, sharing, tiered, compressed oops, compressed class ptrs, parallel gc, windows-amd64)
GC Precious Log:
 CardTable entry size: 512
 CPUs: 8 total, 8 available
 Memory: 7856M
 Large Page Support: Disabled
 NUMA Support: Disabled
 Compressed Oops: Enabled (32-bit)
 Alignments: Space 512K, Generation 512K, Heap 2M
 Heap Min Capacity: 100M
 Heap Initial Capacity: 100M
 Heap Max Capacity: 2G
 Pre-touch: Disabled
 Parallel Workers: 8
Heap:
 PSYoungGen      total 4096K, used 2596K [0x00000000d5580000, 0x00000000d5c00000, 0x0000000100000000)
  eden space 2048K, 46% used [0x00000000d5580000,0x00000000d56799e8,0x00000000d5780000)
  from space 2048K, 80% used [0x00000000d5a00000,0x00000000d5b99a00,0x00000000d5c00000)
  to   space 2048K, 0% used [0x00000000d5800000,0x00000000d5800000,0x00000000d5a00000)
 ParOldGen       total 632320K, used 632288K [0x0000000080000000, 0x00000000a6980000, 0x00000000d5580000)
  object space 632320K, 99% used [0x0000000080000000,0x00000000a69782a0,0x00000000a6980000)
 Metaspace       used 64635K, committed 66112K, reserved 1114112K
  class space    used 6770K, committed 7424K, reserved 1048576K
GC Heap History (20 events):
Event: 68.032 GC heap before
{Heap before GC invocations=1323 (full 3):
 PSYoungGen      total 3072K, used 3010K [0x00000000d5580000, 0x00000000d5900000, 0x0000000100000000)
  eden space 2560K, 100% used [0x00000000d5580000,0x00000000d5800000,0x00000000d5800000)
  from space 512K, 88% used [0x00000000d5800000,0x00000000d5870be8,0x00000000d5880000)
  to   space 512K, 0% used [0x00000000d5880000,0x00000000d5880000,0x00000000d5900000)
 ParOldGen       total 628736K, used 628362K [0x0000000080000000, 0x00000000a6600000, 0x00000000d5580000)
  object space 628736K, 99% used [0x0000000080000000,0x00000000a65a2bc0,0x00000000a6600000)
 Metaspace       used 64635K, committed 66112K, reserved 1114112K
  class space    used 6770K, committed 7424K, reserved 1048576K
}
Event: 68.035 GC heap after
{Heap after GC invocations=1323 (full 3):
 PSYoungGen      total 3072K, used 384K [0x00000000d5580000, 0x00000000d5900000, 0x0000000100000000)
  eden space 2560K, 0% used [0x00000000d5580000,0x00000000d5580000,0x00000000d5800000)
  from space 512K, 75% used [0x00000000d5880000,0x00000000d58e0000,0x00000000d5900000)
  to   space 512K, 0% used [0x00000000d5800000,0x00000000d5800000,0x00000000d5880000)
 ParOldGen       total 628736K, used 628626K [0x0000000080000000, 0x00000000a6600000, 0x00000000d5580000)
  object space 628736K, 99% used [0x0000000080000000,0x00000000a65e4bc0,0x00000000a6600000)
 Metaspace       used 64635K, committed 66112K, reserved 1114112K
  class space    used 6770K, committed 7424K, reserved 1048576K
}
Event: 68.059 GC heap before
{Heap before GC invocations=1324 (full 3):
 PSYoungGen      total 3072K, used 2944K [0x00000000d5580000, 0x00000000d5900000, 0x0000000100000000)
  eden space 2560K, 100% used [0x00000000d5580000,0x00000000d5800000,0x00000000d5800000)
  from space 512K, 75% used [0x00000000d5880000,0x00000000d58e0000,0x00000000d5900000)
  to   space 512K, 0% used [0x00000000d5800000,0x00000000d5800000,0x00000000d5880000)
 ParOldGen       total 628736K, used 628626K [0x0000000080000000, 0x00000000a6600000, 0x00000000d5580000)
  object space 628736K, 99% used [0x0000000080000000,0x00000000a65e4bc0,0x00000000a6600000)
 Metaspace       used 64635K, committed 66112K, reserved 1114112K
  class space    used 6770K, committed 7424K, reserved 1048576K
}
Event: 68.063 GC heap after
{Heap after GC invocations=1324 (full 3):
 PSYoungGen      total 3072K, used 352K [0x00000000d5580000, 0x00000000d5900000, 0x0000000100000000)
  eden space 2560K, 0% used [0x00000000d5580000,0x00000000d5580000,0x00000000d5800000)
  from space 512K, 68% used [0x00000000d5800000,0x00000000d5858000,0x00000000d5880000)
  to   space 512K, 0% used [0x00000000d5880000,0x00000000d5880000,0x00000000d5900000)
 ParOldGen       total 629248K, used 628874K [0x0000000080000000, 0x00000000a6680000, 0x00000000d5580000)
  object space 629248K, 99% used [0x0000000080000000,0x00000000a6622bc0,0x00000000a6680000)
 Metaspace       used 64635K, committed 66112K, reserved 1114112K
  class space    used 6770K, committed 7424K, reserved 1048576K
}
Event: 68.084 GC heap before
{Heap before GC invocations=1325 (full 3):
 PSYoungGen      total 3072K, used 2912K [0x00000000d5580000, 0x00000000d5900000, 0x0000000100000000)
  eden space 2560K, 100% used [0x00000000d5580000,0x00000000d5800000,0x00000000d5800000)
  from space 512K, 68% used [0x00000000d5800000,0x00000000d5858000,0x00000000d5880000)
  to   space 512K, 0% used [0x00000000d5880000,0x00000000d5880000,0x00000000d5900000)
 ParOldGen       total 629248K, used 628874K [0x0000000080000000, 0x00000000a6680000, 0x00000000d5580000)
  object space 629248K, 99% used [0x0000000080000000,0x00000000a6622bc0,0x00000000a6680000)
 Metaspace       used 64635K, committed 66112K, reserved 1114112K
  class space    used 6770K, committed 7424K, reserved 1048576K
}
Event: 68.087 GC heap after
{Heap after GC invocations=1325 (full 3):
 PSYoungGen      total 3072K, used 426K [0x00000000d5580000, 0x00000000d5900000, 0x0000000100000000)
  eden space 2560K, 0% used [0x00000000d5580000,0x00000000d5580000,0x00000000d5800000)
  from space 512K, 83% used [0x00000000d5880000,0x00000000d58eab10,0x00000000d5900000)
  to   space 512K, 0% used [0x00000000d5800000,0x00000000d5800000,0x00000000d5880000)
 ParOldGen       total 629248K, used 629130K [0x0000000080000000, 0x00000000a6680000, 0x00000000d5580000)
  object space 629248K, 99% used [0x0000000080000000,0x00000000a6662bc0,0x00000000a6680000)
 Metaspace       used 64635K, committed 66112K, reserved 1114112K
  class space    used 6770K, committed 7424K, reserved 1048576K
}
Event: 68.108 GC heap before
{Heap before GC invocations=1326 (full 3):
 PSYoungGen      total 3072K, used 2986K [0x00000000d5580000, 0x00000000d5900000, 0x0000000100000000)
  eden space 2560K, 100% used [0x00000000d5580000,0x00000000d5800000,0x00000000d5800000)
  from space 512K, 83% used [0x00000000d5880000,0x00000000d58eab10,0x00000000d5900000)
  to   space 512K, 0% used [0x00000000d5800000,0x00000000d5800000,0x00000000d5880000)
 ParOldGen       total 629248K, used 629130K [0x0000000080000000, 0x00000000a6680000, 0x00000000d5580000)
  object space 629248K, 99% used [0x0000000080000000,0x00000000a6662bc0,0x00000000a6680000)
 Metaspace       used 64635K, committed 66112K, reserved 1114112K
  class space    used 6770K, committed 7424K, reserved 1048576K
}
Event: 68.109 GC heap after
{Heap after GC invocations=1326 (full 3):
 PSYoungGen      total 3072K, used 416K [0x00000000d5580000, 0x00000000d5900000, 0x0000000100000000)
  eden space 2560K, 0% used [0x00000000d5580000,0x00000000d5580000,0x00000000d5800000)
  from space 512K, 81% used [0x00000000d5800000,0x00000000d5868000,0x00000000d5880000)
  to   space 512K, 0% used [0x00000000d5880000,0x00000000d5880000,0x00000000d5900000)
 ParOldGen       total 629760K, used 629402K [0x0000000080000000, 0x00000000a6700000, 0x00000000d5580000)
  object space 629760K, 99% used [0x0000000080000000,0x00000000a66a6bc0,0x00000000a6700000)
 Metaspace       used 64635K, committed 66112K, reserved 1114112K
  class space    used 6770K, committed 7424K, reserved 1048576K
}
Event: 68.126 GC heap before
{Heap before GC invocations=1327 (full 3):
 PSYoungGen      total 3072K, used 2976K [0x00000000d5580000, 0x00000000d5900000, 0x0000000100000000)
  eden space 2560K, 100% used [0x00000000d5580000,0x00000000d5800000,0x00000000d5800000)
  from space 512K, 81% used [0x00000000d5800000,0x00000000d5868000,0x00000000d5880000)
  to   space 512K, 0% used [0x00000000d5880000,0x00000000d5880000,0x00000000d5900000)
 ParOldGen       total 629760K, used 629402K [0x0000000080000000, 0x00000000a6700000, 0x00000000d5580000)
  object space 629760K, 99% used [0x0000000080000000,0x00000000a66a6bc0,0x00000000a6700000)
 Metaspace       used 64635K, committed 66112K, reserved 1114112K
  class space    used 6770K, committed 7424K, reserved 1048576K
}
Event: 68.132 GC heap after
{Heap after GC invocations=1327 (full 3):
 PSYoungGen      total 3072K, used 352K [0x00000000d5580000, 0x00000000d5900000, 0x0000000100000000)
  eden space 2560K, 0% used [0x00000000d5580000,0x00000000d5580000,0x00000000d5800000)
  from space 512K, 68% used [0x00000000d5880000,0x00000000d58d8000,0x00000000d5900000)
  to   space 512K, 0% used [0x00000000d5800000,0x00000000d5800000,0x00000000d5880000)
 ParOldGen       total 629760K, used 629674K [0x0000000080000000, 0x00000000a6700000, 0x00000000d5580000)
  object space 629760K, 99% used [0x0000000080000000,0x00000000a66eabc0,0x00000000a6700000)
 Metaspace       used 64635K, committed 66112K, reserved 1114112K
  class space    used 6770K, committed 7424K, reserved 1048576K
}
Event: 68.160 GC heap before
{Heap before GC invocations=1328 (full 3):
 PSYoungGen      total 3072K, used 2912K [0x00000000d5580000, 0x00000000d5900000, 0x0000000100000000)
  eden space 2560K, 100% used [0x00000000d5580000,0x00000000d5800000,0x00000000d5800000)
  from space 512K, 68% used [0x00000000d5880000,0x00000000d58d8000,0x00000000d5900000)
  to   space 512K, 0% used [0x00000000d5800000,0x00000000d5800000,0x00000000d5880000)
 ParOldGen       total 629760K, used 629674K [0x0000000080000000, 0x00000000a6700000, 0x00000000d5580000)
  object space 629760K, 99% used [0x0000000080000000,0x00000000a66eabc0,0x00000000a6700000)
 Metaspace       used 64635K, committed 66112K, reserved 1114112K
  class space    used 6770K, committed 7424K, reserved 1048576K
}
Event: 68.164 GC heap after
{Heap after GC invocations=1328 (full 3):
 PSYoungGen      total 3072K, used 352K [0x00000000d5580000, 0x00000000d5900000, 0x0000000100000000)
  eden space 2560K, 0% used [0x00000000d5580000,0x00000000d5580000,0x00000000d5800000)
  from space 512K, 68% used [0x00000000d5800000,0x00000000d5858000,0x00000000d5880000)
  to   space 512K, 0% used [0x00000000d5880000,0x00000000d5880000,0x00000000d5900000)
 ParOldGen       total 630272K, used 629922K [0x0000000080000000, 0x00000000a6780000, 0x00000000d5580000)
  object space 630272K, 99% used [0x0000000080000000,0x00000000a6728bc0,0x00000000a6780000)
 Metaspace       used 64635K, committed 66112K, reserved 1114112K
  class space    used 6770K, committed 7424K, reserved 1048576K
}
Event: 68.199 GC heap before
{Heap before GC invocations=1329 (full 3):
 PSYoungGen      total 3072K, used 2912K [0x00000000d5580000, 0x00000000d5900000, 0x0000000100000000)
  eden space 2560K, 100% used [0x00000000d5580000,0x00000000d5800000,0x00000000d5800000)
  from space 512K, 68% used [0x00000000d5800000,0x00000000d5858000,0x00000000d5880000)
  to   space 512K, 0% used [0x00000000d5880000,0x00000000d5880000,0x00000000d5900000)
 ParOldGen       total 630272K, used 629922K [0x0000000080000000, 0x00000000a6780000, 0x00000000d5580000)
  object space 630272K, 99% used [0x0000000080000000,0x00000000a6728bc0,0x00000000a6780000)
 Metaspace       used 64635K, committed 66112K, reserved 1114112K
  class space    used 6770K, committed 7424K, reserved 1048576K
}
Event: 68.204 GC heap after
{Heap after GC invocations=1329 (full 3):
 PSYoungGen      total 3072K, used 352K [0x00000000d5580000, 0x00000000d5900000, 0x0000000100000000)
  eden space 2560K, 0% used [0x00000000d5580000,0x00000000d5580000,0x00000000d5800000)
  from space 512K, 68% used [0x00000000d5880000,0x00000000d58d8000,0x00000000d5900000)
  to   space 512K, 0% used [0x00000000d5800000,0x00000000d5800000,0x00000000d5880000)
 ParOldGen       total 630272K, used 630170K [0x0000000080000000, 0x00000000a6780000, 0x00000000d5580000)
  object space 630272K, 99% used [0x0000000080000000,0x00000000a6766bc0,0x00000000a6780000)
 Metaspace       used 64635K, committed 66112K, reserved 1114112K
  class space    used 6770K, committed 7424K, reserved 1048576K
}
Event: 68.231 GC heap before
{Heap before GC invocations=1330 (full 3):
 PSYoungGen      total 3072K, used 2912K [0x00000000d5580000, 0x00000000d5900000, 0x0000000100000000)
  eden space 2560K, 100% used [0x00000000d5580000,0x00000000d5800000,0x00000000d5800000)
  from space 512K, 68% used [0x00000000d5880000,0x00000000d58d8000,0x00000000d5900000)
  to   space 512K, 0% used [0x00000000d5800000,0x00000000d5800000,0x00000000d5880000)
 ParOldGen       total 630272K, used 630170K [0x0000000080000000, 0x00000000a6780000, 0x00000000d5580000)
  object space 630272K, 99% used [0x0000000080000000,0x00000000a6766bc0,0x00000000a6780000)
 Metaspace       used 64635K, committed 66112K, reserved 1114112K
  class space    used 6770K, committed 7424K, reserved 1048576K
}
Event: 68.234 GC heap after
{Heap after GC invocations=1330 (full 3):
 PSYoungGen      total 3072K, used 416K [0x00000000d5580000, 0x00000000d5900000, 0x0000000100000000)
  eden space 2560K, 0% used [0x00000000d5580000,0x00000000d5580000,0x00000000d5800000)
  from space 512K, 81% used [0x00000000d5800000,0x00000000d5868000,0x00000000d5880000)
  to   space 512K, 0% used [0x00000000d5880000,0x00000000d5880000,0x00000000d5900000)
 ParOldGen       total 630784K, used 630442K [0x0000000080000000, 0x00000000a6800000, 0x00000000d5580000)
  object space 630784K, 99% used [0x0000000080000000,0x00000000a67aabc0,0x00000000a6800000)
 Metaspace       used 64635K, committed 66112K, reserved 1114112K
  class space    used 6770K, committed 7424K, reserved 1048576K
}
Event: 68.276 GC heap before
{Heap before GC invocations=1331 (full 3):
 PSYoungGen      total 3072K, used 2976K [0x00000000d5580000, 0x00000000d5900000, 0x0000000100000000)
  eden space 2560K, 100% used [0x00000000d5580000,0x00000000d5800000,0x00000000d5800000)
  from space 512K, 81% used [0x00000000d5800000,0x00000000d5868000,0x00000000d5880000)
  to   space 512K, 0% used [0x00000000d5880000,0x00000000d5880000,0x00000000d5900000)
 ParOldGen       total 630784K, used 630442K [0x0000000080000000, 0x00000000a6800000, 0x00000000d5580000)
  object space 630784K, 99% used [0x0000000080000000,0x00000000a67aabc0,0x00000000a6800000)
 Metaspace       used 64635K, committed 66112K, reserved 1114112K
  class space    used 6770K, committed 7424K, reserved 1048576K
}
Event: 68.282 GC heap after
{Heap after GC invocations=1331 (full 3):
 PSYoungGen      total 2560K, used 481K [0x00000000d5580000, 0x00000000d5a00000, 0x0000000100000000)
  eden space 2048K, 0% used [0x00000000d5580000,0x00000000d5580000,0x00000000d5780000)
  from space 512K, 93% used [0x00000000d5880000,0x00000000d58f8500,0x00000000d5900000)
  to   space 1024K, 0% used [0x00000000d5780000,0x00000000d5780000,0x00000000d5880000)
 ParOldGen       total 631296K, used 630850K [0x0000000080000000, 0x00000000a6880000, 0x00000000d5580000)
  object space 631296K, 99% used [0x0000000080000000,0x00000000a6810bc0,0x00000000a6880000)
 Metaspace       used 64635K, committed 66112K, reserved 1114112K
  class space    used 6770K, committed 7424K, reserved 1048576K
}
Event: 68.328 GC heap before
{Heap before GC invocations=1332 (full 3):
 PSYoungGen      total 2560K, used 2492K [0x00000000d5580000, 0x00000000d5a00000, 0x0000000100000000)
  eden space 2048K, 98% used [0x00000000d5580000,0x00000000d5776ca8,0x00000000d5780000)
  from space 512K, 93% used [0x00000000d5880000,0x00000000d58f8500,0x00000000d5900000)
  to   space 1024K, 0% used [0x00000000d5780000,0x00000000d5780000,0x00000000d5880000)
 ParOldGen       total 631296K, used 630850K [0x0000000080000000, 0x00000000a6880000, 0x00000000d5580000)
  object space 631296K, 99% used [0x0000000080000000,0x00000000a6810bc0,0x00000000a6880000)
 Metaspace       used 64635K, committed 66112K, reserved 1114112K
  class space    used 6770K, committed 7424K, reserved 1048576K
}
Event: 68.335 GC heap after
{Heap after GC invocations=1332 (full 3):
 PSYoungGen      total 3072K, used 1013K [0x00000000d5580000, 0x00000000d5c80000, 0x0000000100000000)
  eden space 2048K, 0% used [0x00000000d5580000,0x00000000d5580000,0x00000000d5780000)
  from space 1024K, 98% used [0x00000000d5780000,0x00000000d587d4c0,0x00000000d5880000)
  to   space 2560K, 0% used [0x00000000d5a00000,0x00000000d5a00000,0x00000000d5c80000)
 ParOldGen       total 631808K, used 631718K [0x0000000080000000, 0x00000000a6900000, 0x00000000d5580000)
  object space 631808K, 99% used [0x0000000080000000,0x00000000a68e9980,0x00000000a6900000)
 Metaspace       used 64635K, committed 66112K, reserved 1114112K
  class space    used 6770K, committed 7424K, reserved 1048576K
}

